<?xml version="1.0" encoding="UTF-8"?>
<testsuite xmlns:xsi="http://www.w3.org/2001/XMLSchema-instance" xsi:noNamespaceSchemaLocation="https://maven.apache.org/surefire/maven-surefire-plugin/xsd/surefire-test-report.xsd" name="JsLibSamplesTest" time="0.086" tests="61" errors="0" skipped="0" failures="0">
  <properties>
[...]
</properties>
  <testcase name="test[0]" classname="com.flipkart.zjsonpatch.JsLibSamplesTest" time="0.012"/>
  <testcase name="test[1]" classname="com.flipkart.zjsonpatch.JsLibSamplesTest" time="0"/>
  <testcase name="test[2]" classname="com.flipkart.zjsonpatch.JsLibSamplesTest" time="0.001"/>
  <testcase name="test[3]" classname="com.flipkart.zjsonpatch.JsLibSamplesTest" time="0.001"/>
  <testcase name="test[4]" classname="com.flipkart.zjsonpatch.JsLibSamplesTest" time="0"/>
  <testcase name="test[5]" classname="com.flipkart.zjsonpatch.JsLibSamplesTest" time="0"/>
  <testcase name="test[6]" classname="com.flipkart.zjsonpatch.JsLibSamplesTest" time="0"/>
  <testcase name="test[7]" classname="com.flipkart.zjsonpatch.JsLibSamplesTest" time="0"/>
  <testcase name="test[8]" classname="com.flipkart.zjsonpatch.JsLibSamplesTest" time="0.001"/>
  <testcase name="test[9]" classname="com.flipkart.zjsonpatch.JsLibSamplesTest" time="0"/>
  <testcase name="test[10]" classname="com.flipkart.zjsonpatch.JsLibSamplesTest" time="0"/>
  <testcase name="test[11]" classname="com.flipkart.zjsonpatch.JsLibSamplesTest" time="0"/>
  <testcase name="test[12]" classname="com.flipkart.zjsonpatch.JsLibSamplesTest" time="0.002"/>
  <testcase name="test[13]" classname="com.flipkart.zjsonpatch.JsLibSamplesTest" time="0"/>
  <testcase name="test[14]" classname="com.flipkart.zjsonpatch.JsLibSamplesTest" time="0.001"/>
  <testcase name="test[15]" classname="com.flipkart.zjsonpatch.JsLibSamplesTest" time="0.007"/>
  <testcase name="test[16]" classname="com.flipkart.zjsonpatch.JsLibSamplesTest" time="0.015"/>
  <testcase name="test[17]" classname="com.flipkart.zjsonpatch.JsLibSamplesTest" time="0"/>
  <testcase name="test[18]" classname="com.flipkart.zjsonpatch.JsLibSamplesTest" time="0.001"/>
  <testcase name="test[19]" classname="com.flipkart.zjsonpatch.JsLibSamplesTest" time="0"/>
  <testcase name="test[20]" classname="com.flipkart.zjsonpatch.JsLibSamplesTest" time="0.001"/>
  <testcase name="test[21]" classname="com.flipkart.zjsonpatch.JsLibSamplesTest" time="0"/>
  <testcase name="test[22]" classname="com.flipkart.zjsonpatch.JsLibSamplesTest" time="0"/>
  <testcase name="test[23]" classname="com.flipkart.zjsonpatch.JsLibSamplesTest" time="0.001"/>
  <testcase name="test[24]" classname="com.flipkart.zjsonpatch.JsLibSamplesTest" time="0"/>
  <testcase name="test[25]" classname="com.flipkart.zjsonpatch.JsLibSamplesTest" time="0.001"/>
  <testcase name="test[26]" classname="com.flipkart.zjsonpatch.JsLibSamplesTest" time="0"/>
  <testcase name="test[27]" classname="com.flipkart.zjsonpatch.JsLibSamplesTest" time="0"/>
  <testcase name="test[28]" classname="com.flipkart.zjsonpatch.JsLibSamplesTest" time="0"/>
  <testcase name="test[29]" classname="com.flipkart.zjsonpatch.JsLibSamplesTest" time="0.001"/>
  <testcase name="test[30]" classname="com.flipkart.zjsonpatch.JsLibSamplesTest" time="0"/>
  <testcase name="test[31]" classname="com.flipkart.zjsonpatch.JsLibSamplesTest" time="0"/>
  <testcase name="test[32]" classname="com.flipkart.zjsonpatch.JsLibSamplesTest" time="0.001"/>
  <testcase name="test[33]" classname="com.flipkart.zjsonpatch.JsLibSamplesTest" time="0"/>
  <testcase name="test[34]" classname="com.flipkart.zjsonpatch.JsLibSamplesTest" time="0"/>
  <testcase name="test[35]" classname="com.flipkart.zjsonpatch.JsLibSamplesTest" time="0"/>
  <testcase name="test[36]" classname="com.flipkart.zjsonpatch.JsLibSamplesTest" time="0"/>
  <testcase name="test[37]" classname="com.flipkart.zjsonpatch.JsLibSamplesTest" time="0"/>
  <testcase name="test[38]" classname="com.flipkart.zjsonpatch.JsLibSamplesTest" time="0"/>
  <testcase name="test[39]" classname="com.flipkart.zjsonpatch.JsLibSamplesTest" time="0"/>
  <testcase name="test[40]" classname="com.flipkart.zjsonpatch.JsLibSamplesTest" time="0.001"/>
  <testcase name="test[41]" classname="com.flipkart.zjsonpatch.JsLibSamplesTest" time="0"/>
  <testcase name="test[42]" classname="com.flipkart.zjsonpatch.JsLibSamplesTest" time="0"/>
  <testcase name="test[43]" classname="com.flipkart.zjsonpatch.JsLibSamplesTest" time="0"/>
  <testcase name="test[44]" classname="com.flipkart.zjsonpatch.JsLibSamplesTest" time="0"/>
  <testcase name="test[45]" classname="com.flipkart.zjsonpatch.JsLibSamplesTest" time="0"/>
  <testcase name="test[46]" classname="com.flipkart.zjsonpatch.JsLibSamplesTest" time="0"/>
  <testcase name="test[47]" classname="com.flipkart.zjsonpatch.JsLibSamplesTest" time="0"/>
  <testcase name="test[48]" classname="com.flipkart.zjsonpatch.JsLibSamplesTest" time="0.001"/>
  <testcase name="test[49]" classname="com.flipkart.zjsonpatch.JsLibSamplesTest" time="0"/>
  <testcase name="test[50]" classname="com.flipkart.zjsonpatch.JsLibSamplesTest" time="0"/>
  <testcase name="test[51]" classname="com.flipkart.zjsonpatch.JsLibSamplesTest" time="0"/>
  <testcase name="test[52]" classname="com.flipkart.zjsonpatch.JsLibSamplesTest" time="0"/>
  <testcase name="test[53]" classname="com.flipkart.zjsonpatch.JsLibSamplesTest" time="0"/>
  <testcase name="test[54]" classname="com.flipkart.zjsonpatch.JsLibSamplesTest" time="0"/>
  <testcase name="test[55]" classname="com.flipkart.zjsonpatch.JsLibSamplesTest" time="0.001"/>
  <testcase name="test[56]" classname="com.flipkart.zjsonpatch.JsLibSamplesTest" time="0"/>
  <testcase name="test[57]" classname="com.flipkart.zjsonpatch.JsLibSamplesTest" time="0.001"/>
  <testcase name="test[58]" classname="com.flipkart.zjsonpatch.JsLibSamplesTest" time="0"/>
  <testcase name="test[59]" classname="com.flipkart.zjsonpatch.JsLibSamplesTest" time="0"/>
  <testcase name="test[60]" classname="com.flipkart.zjsonpatch.JsLibSamplesTest" time="0"/>
</testsuite>